<?xml version="1.0" encoding="UTF-8"?>
<testsuite name="ua.net.vmarchenko.v1.features.ToDoMVCTest" time="21.908" tests="3" errors="0" skipped="0" failures="3">
  <properties>
    <property name="idea.version" value="15.0.2"/>
    <property name="java.runtime.name" value="Java(TM) SE Runtime Environment"/>
    <property name="sun.boot.library.path" value="C:\Program Files\Java\jdk1.8.0_77\jre\bin"/>
    <property name="java.vm.version" value="25.77-b03"/>
    <property name="user.country.format" value="RU"/>
    <property name="java.vm.vendor" value="Oracle Corporation"/>
    <property name="java.vendor.url" value="http://java.oracle.com/"/>
    <property name="path.separator" value=";"/>
    <property name="guice.disable.misplaced.annotation.check" value="true"/>
    <property name="java.vm.name" value="Java HotSpot(TM) 64-Bit Server VM"/>
    <property name="file.encoding.pkg" value="sun.io"/>
    <property name="idea.launcher.port" value="7532"/>
    <property name="user.script" value=""/>
    <property name="user.country" value="US"/>
    <property name="sun.java.launcher" value="SUN_STANDARD"/>
    <property name="sun.os.patch.level" value="Service Pack 1"/>
    <property name="java.vm.specification.name" value="Java Virtual Machine Specification"/>
    <property name="user.dir" value="D:\Study\Java\ToDoMVCTestSuitsMavenProfiles"/>
    <property name="java.runtime.version" value="1.8.0_77-b03"/>
    <property name="java.awt.graphicsenv" value="sun.awt.Win32GraphicsEnvironment"/>
    <property name="java.endorsed.dirs" value="C:\Program Files\Java\jdk1.8.0_77\jre\lib\endorsed"/>
    <property name="os.arch" value="amd64"/>
    <property name="java.io.tmpdir" value="C:\Users\VITALY~1.MAR\AppData\Local\Temp\"/>
    <property name="line.separator" value="&#10;"/>
    <property name="java.vm.specification.vendor" value="Oracle Corporation"/>
    <property name="user.variant" value=""/>
    <property name="os.name" value="Windows 7"/>
    <property name="classworlds.conf" value="C:\Program Files (x86)\JetBrains\IntelliJ IDEA Community Edition 15.0.2\plugins\maven\lib\maven3\bin\m2.conf"/>
    <property name="sun.jnu.encoding" value="Cp1252"/>
    <property name="java.library.path" value="C:\Program Files\Java\jdk1.8.0_77\bin;C:\WINDOWS\Sun\Java\bin;C:\WINDOWS\system32;C:\WINDOWS;C:\Users\Vitaly.Marchenko\MyPythonScripts;C:\ProgramData\Oracle\Java\javapath;C:\WINDOWS\system32;C:\WINDOWS;C:\WINDOWS\System32\Wbem;C:\WINDOWS\System32\WindowsPowerShell\v1.0\;C:\Program Files\TortoiseSVN\bin;C:\Windows\CCM;C:\Program Files\Java\jdk1.8.0_45\bin;C:\Program Files\Microsoft SQL Server\Client SDK\ODBC\110\Tools\Binn\;C:\Program Files (x86)\Microsoft SQL Server\120\Tools\Binn\ManagementStudio\;C:\Program Files (x86)\Microsoft SQL Server\120\Tools\Binn\;C:\Program Files\Microsoft SQL Server\120\Tools\Binn\;C:\Program Files (x86)\Microsoft SQL Server\120\DTS\Binn\;C:\Program Files\apache-jmeter-2.13_src\apache-jmeter-2.13\bin;C:\Python34;C:\Python27;C:\Python34\Scripts;C:\Program Files\apache-maven-3.3.9-bin\apache-maven-3.3.9\bin;C:\Program Files\phantomjs-2.0.0-windows\phantomjs-2.0.0-windows\bin;C:\Program Files (x86)\Skype\Phone\;C:\Program Files\Git\cmd;C:\Program Files\Java\jdk1.7.0_79\bin;C:\Program Files\exercism\exercism-windows-64bit;C:\Users\Vitaly.Marchenko\AppData\Local\Enthought\Canopy\User;C:\Users\Vitaly.Marchenko\AppData\Local\Enthought\Canopy\User\Scripts;C:\Program Files (x86)\Google\google_appengine\;C:\Program Files (x86)\Microsoft VS Code\bin;."/>
    <property name="java.specification.name" value="Java Platform API Specification"/>
    <property name="java.class.version" value="52.0"/>
    <property name="sun.management.compiler" value="HotSpot 64-Bit Tiered Compilers"/>
    <property name="os.version" value="6.1"/>
    <property name="user.home" value="C:\Users\Vitaly.Marchenko"/>
    <property name="user.timezone" value="Europe/Minsk"/>
    <property name="java.awt.printerjob" value="sun.awt.windows.WPrinterJob"/>
    <property name="java.specification.version" value="1.8"/>
    <property name="idea.launcher.bin.path" value="C:\Program Files (x86)\JetBrains\IntelliJ IDEA Community Edition 15.0.2\bin"/>
    <property name="file.encoding" value="UTF-8"/>
    <property name="user.name" value="Vitaly.Marchenko"/>
    <property name="java.class.path" value="C:\Program Files (x86)\JetBrains\IntelliJ IDEA Community Edition 15.0.2\plugins\maven\lib\maven3\boot\plexus-classworlds-2.4.jar;C:\Program Files (x86)\JetBrains\IntelliJ IDEA Community Edition 15.0.2\lib\idea_rt.jar"/>
    <property name="java.vm.specification.version" value="1.8"/>
    <property name="sun.arch.data.model" value="64"/>
    <property name="java.home" value="C:\Program Files\Java\jdk1.8.0_77\jre"/>
    <property name="sun.java.command" value="com.intellij.rt.execution.application.AppMain org.codehaus.classworlds.Launcher -Didea.version=15.0.2 test -P buggy"/>
    <property name="java.specification.vendor" value="Oracle Corporation"/>
    <property name="user.language" value="en"/>
    <property name="user.language.format" value="ru"/>
    <property name="awt.toolkit" value="sun.awt.windows.WToolkit"/>
    <property name="java.vm.info" value="mixed mode"/>
    <property name="java.version" value="1.8.0_77"/>
    <property name="java.ext.dirs" value="C:\Program Files\Java\jdk1.8.0_77\jre\lib\ext;C:\WINDOWS\Sun\Java\lib\ext"/>
    <property name="sun.boot.class.path" value="C:\Program Files\Java\jdk1.8.0_77\jre\lib\resources.jar;C:\Program Files\Java\jdk1.8.0_77\jre\lib\rt.jar;C:\Program Files\Java\jdk1.8.0_77\jre\lib\sunrsasign.jar;C:\Program Files\Java\jdk1.8.0_77\jre\lib\jsse.jar;C:\Program Files\Java\jdk1.8.0_77\jre\lib\jce.jar;C:\Program Files\Java\jdk1.8.0_77\jre\lib\charsets.jar;C:\Program Files\Java\jdk1.8.0_77\jre\lib\jfr.jar;C:\Program Files\Java\jdk1.8.0_77\jre\classes"/>
    <property name="java.vendor" value="Oracle Corporation"/>
    <property name="maven.home" value="C:\Program Files (x86)\JetBrains\IntelliJ IDEA Community Edition 15.0.2\plugins\maven\lib\maven3"/>
    <property name="file.separator" value="\"/>
    <property name="java.vendor.url.bug" value="http://bugreport.sun.com/bugreport/"/>
    <property name="sun.cpu.endian" value="little"/>
    <property name="sun.io.unicode.encoding" value="UnicodeLittle"/>
    <property name="sun.desktop" value="windows"/>
    <property name="sun.cpu.isalist" value="amd64"/>
  </properties>
  <testcase name="testReopenAtAll" classname="ua.net.vmarchenko.v1.features.ToDoMVCTest" time="21.908">
    <failure message="&#10;Actual: [a, b]&#10;Expected: [a]&#10;Collection: #todo-list&gt;li" type="com.codeborne.selenide.ex.TextsMismatch">com.codeborne.selenide.ex.TextsMismatch: 
Actual: [a, b]
Expected: [a]
Collection: #todo-list>li
	at com.codeborne.selenide.collections.ExactTexts.fail(ExactTexts.java:47)
	at com.codeborne.selenide.ElementsCollection.waitUntil(ElementsCollection.java:106)
	at com.codeborne.selenide.ElementsCollection.should(ElementsCollection.java:56)
	at com.codeborne.selenide.ElementsCollection.shouldHave(ElementsCollection.java:49)
	at ua.net.vmarchenko.v1.features.ToDoMVCTest.assertTasks(ToDoMVCTest.java:202)
	at ua.net.vmarchenko.v1.features.ToDoMVCTest.testReopenAtAll(ToDoMVCTest.java:73)
</failure>
    <system-err><![CDATA[??? 23, 2016 11:13:04 AM com.codeborne.selenide.impl.WebDriverThreadLocalContainer getWebDriver
INFO: No webdriver is bound to current thread: 1 - let's create new webdriver
??? 23, 2016 11:13:14 AM com.codeborne.selenide.webdriver.WebDriverFactory createWebDriver
INFO: BrowserName=firefox Version=43.0.1 Platform=WINDOWS
??? 23, 2016 11:13:14 AM com.codeborne.selenide.webdriver.WebDriverFactory createWebDriver
INFO: Selenide v. 3.5.1
??? 23, 2016 11:13:14 AM com.codeborne.selenide.webdriver.WebDriverFactory createWebDriver
INFO: Selenium WebDriver v. 2.53.0 build time: 2016-03-15 10:43:46
??? 23, 2016 11:13:14 AM com.codeborne.selenide.impl.WebDriverThreadLocalContainer createDriver
INFO: Create webdriver in current thread 1: FirefoxDriver -> FirefoxDriver: firefox on WINDOWS (b016e934-26e0-49b8-bdd3-660014d5c87e)
]]></system-err>
  </testcase>
  <testcase name="testReopenAtAll" classname="ua.net.vmarchenko.v1.features.ToDoMVCTest" time="7.583">
    <failure message="&#10;Actual: [a, b]&#10;Expected: [a]&#10;Collection: #todo-list&gt;li" type="com.codeborne.selenide.ex.TextsMismatch">com.codeborne.selenide.ex.TextsMismatch: 
Actual: [a, b]
Expected: [a]
Collection: #todo-list>li
	at com.codeborne.selenide.collections.ExactTexts.fail(ExactTexts.java:47)
	at com.codeborne.selenide.ElementsCollection.waitUntil(ElementsCollection.java:106)
	at com.codeborne.selenide.ElementsCollection.should(ElementsCollection.java:56)
	at com.codeborne.selenide.ElementsCollection.shouldHave(ElementsCollection.java:49)
	at ua.net.vmarchenko.v1.features.ToDoMVCTest.assertTasks(ToDoMVCTest.java:202)
	at ua.net.vmarchenko.v1.features.ToDoMVCTest.testReopenAtAll(ToDoMVCTest.java:73)
</failure>
  </testcase>
  <testcase name="testReopenAtAll" classname="ua.net.vmarchenko.v1.features.ToDoMVCTest" time="7.414">
    <failure message="&#10;Actual: [a, b]&#10;Expected: [a]&#10;Collection: #todo-list&gt;li" type="com.codeborne.selenide.ex.TextsMismatch">com.codeborne.selenide.ex.TextsMismatch: 
Actual: [a, b]
Expected: [a]
Collection: #todo-list>li
	at com.codeborne.selenide.collections.ExactTexts.fail(ExactTexts.java:47)
	at com.codeborne.selenide.ElementsCollection.waitUntil(ElementsCollection.java:106)
	at com.codeborne.selenide.ElementsCollection.should(ElementsCollection.java:56)
	at com.codeborne.selenide.ElementsCollection.shouldHave(ElementsCollection.java:49)
	at ua.net.vmarchenko.v1.features.ToDoMVCTest.assertTasks(ToDoMVCTest.java:202)
	at ua.net.vmarchenko.v1.features.ToDoMVCTest.testReopenAtAll(ToDoMVCTest.java:73)
</failure>
  </testcase>
</testsuite>